<?xml version="1.0" encoding="UTF-8"?>
<testng-results ignored="0" total="1" passed="1" failed="0" skipped="0">
  <reporter-output>
  </reporter-output>
  <suite started-at="2023-08-14T20:30:54 IST" name="Default suite" finished-at="2023-08-14T20:31:19 IST" duration-ms="24743">
    <groups>
    </groups>
    <test started-at="2023-08-14T20:30:54 IST" name="Default test" finished-at="2023-08-14T20:31:19 IST" duration-ms="24743">
      <class name="Demo.Webdriver_Methods">
        <test-method signature="Test_WebdriverMethod()[pri:0, instance:Demo.Webdriver_Methods@6b81ce95]" started-at="2023-08-14T20:30:54 IST" name="Test_WebdriverMethod" finished-at="2023-08-14T20:31:19 IST" duration-ms="24683" status="PASS">
          <reporter-output>
          </reporter-output>
        </test-method> <!-- Test_WebdriverMethod -->
      </class> <!-- Demo.Webdriver_Methods -->
    </test> <!-- Default test -->
  </suite> <!-- Default suite -->
</testng-results>
